<?xml version="1.0" encoding="UTF-8"?>
<testsuite name="service.MovieRestClientTest_WireMock_SelectiveProxying" tests="1" skipped="0" failures="0" errors="0" timestamp="2020-02-27T01:30:48" hostname="Vijayakarthikeyans-MacBook-Pro.local" time="1.549">
  <properties/>
  <testcase name="deletemovie_ByMovieName_SelectiveProxying" classname="service.MovieRestClientTest_WireMock_SelectiveProxying" time="1.549"/>
  <system-out><![CDATA[2020-02-26 19:30:48.141 Verbose logging enabled
http://localhost:8088
2020-02-26 19:30:49.441 Admin request received:
127.0.0.1 - POST /mappings

Connection: [keep-alive]
User-Agent: [Apache-HttpClient/4.5.6 (Java/11.0.6)]
Host: [localhost:8088]
Content-Length: [231]
Content-Type: [text/plain; charset=UTF-8]
{
  "id" : "b48294eb-e222-430e-a386-6d2cd43789b5",
  "request" : {
    "method" : "ANY"
  },
  "response" : {
    "status" : 200,
    "proxyBaseUrl" : "http://localhost:8081"
  },
  "uuid" : "b48294eb-e222-430e-a386-6d2cd43789b5"
}

2020-02-26 19:30:50.024 Proxying: POST http://localhost:8081/movieservice/v1/movie
2020-02-26 19:30:50.042 Request received:
127.0.0.1 - POST /movieservice/v1/movie

Accept: [*/*]
User-Agent: [ReactorNetty/0.8.9.RELEASE]
Host: [localhost:8088]
Accept-Encoding: [gzip]
Content-Length: [87]
Content-Type: [application/json;charset=UTF-8]
{"cast":"Vijay","movie_id":null,"name":"Sarkar","release_date":[2019,6,30],"year":2019}


Matched response definition:
{
  "status" : 200,
  "proxyBaseUrl" : "http://localhost:8081"
}

Response:
HTTP/1.1 201
Content-Type: [application/json;charset=UTF-8]
Transfer-Encoding: [chunked]
Date: [Thu, 27 Feb 2020 01:30:50 GMT]


2020-02-26 19:30:50.139 Admin request received:
127.0.0.1 - POST /mappings

Connection: [keep-alive]
User-Agent: [Apache-HttpClient/4.5.6 (Java/11.0.6)]
Host: [localhost:8088]
Content-Length: [315]
Content-Type: [text/plain; charset=UTF-8]
{
  "id" : "43a15b92-17ed-4f74-a373-e8db8811efb8",
  "request" : {
    "url" : "/movieservice/v1/movieName?movie_name=Sarkar",
    "method" : "DELETE"
  },
  "response" : {
    "status" : 200,
    "headers" : {
      "Content-Type" : "application/json"
    }
  },
  "uuid" : "43a15b92-17ed-4f74-a373-e8db8811efb8"
}

2020-02-26 19:30:50.184 Request received:
127.0.0.1 - DELETE /movieservice/v1/movieName?movie_name=Sarkar

Accept: [*/*]
User-Agent: [ReactorNetty/0.8.9.RELEASE]
Host: [localhost:8088]
Accept-Encoding: [gzip]



Matched response definition:
{
  "status" : 200,
  "headers" : {
    "Content-Type" : "application/json"
  }
}

Response:
HTTP/1.1 200
Content-Type: [application/json]
Matched-Stub-Id: [43a15b92-17ed-4f74-a373-e8db8811efb8]


2020-02-26 19:30:50.198 Admin request received:
127.0.0.1 - POST /requests/count

Connection: [keep-alive]
User-Agent: [Apache-HttpClient/4.5.6 (Java/11.0.6)]
Host: [localhost:8088]
Content-Length: [280]
Content-Type: [text/plain; charset=UTF-8]
{
  "urlPath" : "/movieservice/v1/movie",
  "method" : "POST",
  "bodyPatterns" : [ {
    "matchesJsonPath" : {
      "expression" : "$.name",
      "equalTo" : "Sarkar"
    }
  }, {
    "matchesJsonPath" : {
      "expression" : "$.cast",
      "contains" : "Vijay"
    }
  } ]
}

2020-02-26 19:30:50.248 Warning: JSON path expression '$.name' failed to match document 'null' because of error 'json string can not be null or empty'
2020-02-26 19:30:50.249 Warning: JSON path expression '$.cast' failed to match document 'null' because of error 'json string can not be null or empty'
2020-02-26 19:30:50.259 Admin request received:
127.0.0.1 - POST /requests/count

Connection: [keep-alive]
User-Agent: [Apache-HttpClient/4.5.6 (Java/11.0.6)]
Host: [localhost:8088]
Content-Length: [83]
Content-Type: [text/plain; charset=UTF-8]
{
  "url" : "/movieservice/v1/movieName?movie_name=Sarkar",
  "method" : "DELETE"
}

]]></system-out>
  <system-err><![CDATA[[Test worker] INFO wiremock.org.eclipse.jetty.util.log - Logging initialized @1048ms to wiremock.org.eclipse.jetty.util.log.Slf4jLog
[Test worker] INFO wiremock.org.eclipse.jetty.server.Server - jetty-9.4.z-SNAPSHOT; built: 2019-06-10T16:30:51.723Z; git: afcf563148970e98786327af5e07c261fda175d3; jvm 11.0.6+8-LTS
[Test worker] INFO wiremock.org.eclipse.jetty.server.handler.ContextHandler - Started w.o.e.j.s.ServletContextHandler@69d0f114{/__admin,null,AVAILABLE}
[Test worker] INFO wiremock.org.eclipse.jetty.server.handler.ContextHandler - Started w.o.e.j.s.ServletContextHandler@34a92c3c{/,null,AVAILABLE}
[Test worker] INFO wiremock.org.eclipse.jetty.server.AbstractConnector - Started NetworkTrafficServerConnector@192da1bc{HTTP/1.1,[http/1.1]}{0.0.0.0:8088}
[Test worker] INFO wiremock.org.eclipse.jetty.server.Server - Started @1248ms
[qtp1327527545-21] INFO wiremock.org.eclipse.jetty.server.handler.ContextHandler.__admin - RequestHandlerClass from context returned com.github.tomakehurst.wiremock.http.AdminRequestHandler. Normalized mapped under returned 'null'
[qtp1327527545-15] INFO wiremock.org.eclipse.jetty.server.handler.ContextHandler.ROOT - RequestHandlerClass from context returned com.github.tomakehurst.wiremock.http.StubRequestHandler. Normalized mapped under returned 'null'
[Test worker] INFO wiremock.org.eclipse.jetty.server.AbstractConnector - Stopped NetworkTrafficServerConnector@192da1bc{HTTP/1.1,[http/1.1]}{0.0.0.0:8088}
[Test worker] INFO wiremock.org.eclipse.jetty.server.handler.ContextHandler - Stopped w.o.e.j.s.ServletContextHandler@34a92c3c{/,null,UNAVAILABLE}
[Test worker] INFO wiremock.org.eclipse.jetty.server.handler.ContextHandler - Stopped w.o.e.j.s.ServletContextHandler@69d0f114{/__admin,null,UNAVAILABLE}
]]></system-err>
</testsuite>
